<?xml version="1.0" encoding="UTF-8"?>
<testsuite name="com.myGallary.entity.AccountTest" tests="1" skipped="0" failures="0" errors="0" timestamp="2021-12-13T16:31:12" hostname="DESKTOP-R7AB2GV" time="0.017">
  <properties/>
  <testcase name="create()" classname="com.myGallary.entity.AccountTest" time="0.017"/>
  <system-out><![CDATA[]]></system-out>
  <system-err><![CDATA[]]></system-err>
</testsuite>
